<?xml version="1.0" encoding="UTF-8"?>
<!-- Generated by org.testng.reporters.JUnitXMLReporter -->
<testsuite ignored="3" hostname="DESKTOP-9G5CG2U" failures="0" tests="1" name="Default test" time="3.529" errors="0" timestamp="2024-02-07T12:18:45 IST">
  <testcase classname="Simplebook.SimpleBooks_apis" name="Authenticate" time="3.492"/>
  <testcase classname="Simplebook.SimpleBooks_apis" name="Deleteanorder" time="0.0">
    <ignored/>
  </testcase> <!-- Deleteanorder -->
  <testcase classname="Simplebook.SimpleBooks_apis" name="Submitanorder" time="0.0">
    <ignored/>
  </testcase> <!-- Submitanorder -->
  <testcase classname="Simplebook.SimpleBooks_apis" name="Updateanorder" time="0.0">
    <ignored/>
  </testcase> <!-- Updateanorder -->
</testsuite> <!-- Default test -->
